{
  "RSpec": {
    "coverage": {
      "/home/xita/work_study/rails/parcel_challenge/app/models/requester.rb": {
        "lines": [
          1,
          null,
          null,
          1,
          null,
          null,
          1,
          1,
          1,
          null,
          1,
          1,
          null
        ]
      },
      "/home/xita/work_study/rails/parcel_challenge/app/models/application_record.rb": {
        "lines": [
          1,
          1,
          null
        ]
      },
      "/home/xita/work_study/rails/parcel_challenge/app/models/address.rb": {
        "lines": [
          1,
          1,
          1,
          1,
          1,
          1,
          1,
          1,
          null
        ]
      },
      "/home/xita/work_study/rails/parcel_challenge/app/models/credit.rb": {
        "lines": [
          1,
          1,
          1,
          null,
          1,
          1,
          1,
          1,
          1,
          null,
          1,
          null,
          1,
          2,
          null,
          null,
          15,
          1,
          null,
          14,
          null,
          27,
          null,
          null,
          null
        ]
      },
      "/home/xita/work_study/rails/parcel_challenge/app/models/parcel.rb": {
        "lines": [
          1,
          1,
          null,
          1,
          1,
          1,
          1,
          null
        ]
      },
      "/home/xita/work_study/rails/parcel_challenge/app/models/phone.rb": {
        "lines": [
          1,
          1,
          1,
          1,
          null
        ]
      },
      "/home/xita/work_study/rails/parcel_challenge/app/controllers/application_controller.rb": {
        "lines": [
          1,
          null
        ]
      },
      "/home/xita/work_study/rails/parcel_challenge/app/controllers/home_controller.rb": {
        "lines": [
          1,
          1,
          null,
          null
        ]
      }
    },
    "timestamp": 1603481016
  }
}
