{
  "RSpec": {
    "coverage": {
      "/home/xita/work_study/rails/parcel_challenge/app/models/requester.rb": {
        "lines": [
          1,
          null,
          null,
          1,
          null,
          null
        ]
      },
      "/home/xita/work_study/rails/parcel_challenge/app/models/application_record.rb": {
        "lines": [
          1,
          1,
          null
        ]
      },
      "/home/xita/work_study/rails/parcel_challenge/app/controllers/application_controller.rb": {
        "lines": [
          1,
          null
        ]
      },
      "/home/xita/work_study/rails/parcel_challenge/app/controllers/home_controller.rb": {
        "lines": [
          1,
          1,
          null,
          null
        ]
      }
    },
    "timestamp": 1603412018
  }
}
